#
# A fatal error has been detected by the Java Runtime Environment:
#
#  EXCEPTION_ACCESS_VIOLATION (0xc0000005) at pc=0x000000006e23ebb7, pid=13852, tid=14128
#
# JRE version:  (7.0_79-b15) (build )
# Java VM: Java HotSpot(TM) 64-Bit Server VM (24.79-b02 mixed mode windows-amd64 compressed oops)
# Problematic frame:
# V  [jvm.dll+0x1cebb7]
#
# Failed to write core dump. Minidumps are not enabled by default on client versions of Windows
#
# If you would like to submit a bug report, please visit:
#   http://bugreport.java.com/bugreport/crash.jsp
#

---------------  T H R E A D  ---------------

Current thread (0x000000000280e000):  JavaThread "Unknown thread" [_thread_in_vm, id=14128, stack(0x0000000002ed0000,0x0000000002fd0000)]

siginfo: ExceptionCode=0xc0000005, writing address 0x0000000002fc9380

Registers:
RAX=0x0000000002fc9380, RBX=0x0000000000000007, RCX=0x0000000000006000, RDX=0x0000000002ed9150
RSP=0x0000000002fcf380, RBP=0x0000000000000000, RSI=0x0000000002fcf380, RDI=0x0000000000000007
R8 =0x0000000000000009, R9 =0x000000000280e000, R10=0x0000000002fcf528, R11=0x0000000002fcf540
R12=0x0000000002fcf540, R13=0x0000000002fcf430, R14=0x0000000002fcf550, R15=0x0000000002fe0840
RIP=0x000000006e23ebb7, EFLAGS=0x0000000000010202

Top of Stack: (sp=0x0000000002fcf380)
0x0000000002fcf380:   000000000280edd0 0000000000000000
0x0000000002fcf390:   000000000280e680 0000000000000000
0x0000000002fcf3a0:   0000000000000000 000000006e23f6fa
0x0000000002fcf3b0:   0000000002fcf600 000000000280edd0
0x0000000002fcf3c0:   000000000280e000 000000000280e000
0x0000000002fcf3d0:   0000000002b27800 000000006e11cf17
0x0000000002fcf3e0:   0000000002b27890 000000000280ea38
0x0000000002fcf3f0:   204932432f433249 7372657470616461
0x0000000002fcf400:   3062616162783028 000000006e15dda0
0x0000000002fcf410:   0000000002b74461 000000006e15dda0
0x0000000002fcf420:   0000000002b74461 000000000280e000
0x0000000002fcf430:   0000000000000000 00000000bae02bb0
0x0000000002fcf440:   0000000000000003 0000000000000000
0x0000000002fcf450:   000000000280ed98 0000000002b74460
0x0000000002fcf460:   0000000002b74170 0000000000000000
0x0000000002fcf470:   0000000002812460 000000006e198fd0 

Instructions: (pc=0x000000006e23ebb7)
0x000000006e23eb97:   48 89 6c 24 30 33 ed 66 90 e8 6b bb 07 00 ff c3
0x000000006e23eba7:   48 63 c8 48 8b c6 48 0f af cf 48 ff c7 48 2b c1
0x000000006e23ebb7:   89 28 48 63 c3 48 3b 05 75 db 52 00 7e db 48 8b
0x000000006e23ebc7:   6c 24 30 48 8b 5c 24 38 48 8b 74 24 40 48 83 c4 


Register to memory mapping:

RAX=0x0000000002fc9380 is pointing into the stack for thread: 0x000000000280e000
RBX=0x0000000000000007 is an unknown value
RCX=0x0000000000006000 is an unknown value
RDX=0x0000000002ed9150 is pointing into the stack for thread: 0x000000000280e000
RSP=0x0000000002fcf380 is pointing into the stack for thread: 0x000000000280e000
RBP=0x0000000000000000 is an unknown value
RSI=0x0000000002fcf380 is pointing into the stack for thread: 0x000000000280e000
RDI=0x0000000000000007 is an unknown value
R8 =0x0000000000000009 is an unknown value
R9 =0x000000000280e000 is a thread
R10=0x0000000002fcf528 is pointing into the stack for thread: 0x000000000280e000
R11=0x0000000002fcf540 is pointing into the stack for thread: 0x000000000280e000
R12=0x0000000002fcf540 is pointing into the stack for thread: 0x000000000280e000
R13=0x0000000002fcf430 is pointing into the stack for thread: 0x000000000280e000
R14=0x0000000002fcf550 is pointing into the stack for thread: 0x000000000280e000
R15=0x0000000002fe0840 is at code_begin+0 in an Interpreter codelet
method entry point (kind = zerolocals)  [0x0000000002fe0840, 0x0000000002fe0b40]  768 bytes


Stack: [0x0000000002ed0000,0x0000000002fd0000],  sp=0x0000000002fcf380,  free space=1020k
Native frames: (J=compiled Java code, j=interpreted, Vv=VM code, C=native code)
V  [jvm.dll+0x1cebb7]

[error occurred during error reporting (printing native stack), id 0xc0000005]


