#
# There is insufficient memory for the Java Runtime Environment to continue.
# Native memory allocation (malloc) failed to allocate 1125776 bytes for Chunk::new
# Possible reasons:
#   The system is out of physical RAM or swap space
#   In 32 bit mode, the process size limit was hit
# Possible solutions:
#   Reduce memory load on the system
#   Increase physical memory or swap space
#   Check if swap backing store is full
#   Use 64 bit Java on a 64 bit OS
#   Decrease Java heap size (-Xmx/-Xms)
#   Decrease number of Java threads
#   Decrease Java thread stack sizes (-Xss)
#   Set larger code cache with -XX:ReservedCodeCacheSize=
# This output file may be truncated or incomplete.
#
#  Out of Memory Error (allocation.cpp:323), pid=11216, tid=7344
#
# JRE version: Java(TM) SE Runtime Environment (7.0_79-b15) (build 1.7.0_79-b15)
# Java VM: Java HotSpot(TM) 64-Bit Server VM (24.79-b02 mixed mode windows-amd64 compressed oops)
# Failed to write core dump. Minidumps are not enabled by default on client versions of Windows
#

---------------  T H R E A D  ---------------

Current thread (0x000000000a6e9000):  JavaThread "C2 CompilerThread1" daemon [_thread_in_native, id=7344, stack(0x000000000ab10000,0x000000000ac10000)]

Stack: [0x000000000ab10000,0x000000000ac10000]
[error occurred during error reporting (printing stack bounds), id 0xc0000005]


[error occurred during error reporting (printing native stack), id 0xc0000005]


Current CompileTask:
C2:   2929  351             com.android.dx.ssa.DeadCodeRemover::run (194 bytes)


---------------  P R O C E S S  ---------------

Java Threads: ( => current thread )
  0x000000000a973800 JavaThread "pool-1-thread-4" [_thread_blocked, id=7692, stack(0x000000000bb90000,0x000000000bc90000)]
  0x000000000a8c2800 JavaThread "pool-1-thread-3" [_thread_blocked, id=14844, stack(0x000000000ba00000,0x000000000bb00000)]
  0x000000000a9b7000 JavaThread "pool-1-thread-2" [_thread_blocked, id=4648, stack(0x000000000b440000,0x000000000b540000)]
  0x000000000a9b6800 JavaThread "pool-2-thread-1" [_thread_blocked, id=15060, stack(0x000000000b790000,0x000000000b890000)]
  0x000000000a9b5800 JavaThread "pool-1-thread-1" [_thread_in_Java, id=13816, stack(0x000000000b600000,0x000000000b700000)]
  0x000000000a6ea000 JavaThread "Service Thread" daemon [_thread_blocked, id=13252, stack(0x000000000a100000,0x000000000a200000)]
=>0x000000000a6e9000 JavaThread "C2 CompilerThread1" daemon [_thread_in_native, id=7344, stack(0x000000000ab10000,0x000000000ac10000)]
  0x0000000008eb4000 JavaThread "C2 CompilerThread0" daemon [_thread_in_native, id=13628, stack(0x000000000a5e0000,0x000000000a6e0000)]
  0x0000000008eb3000 JavaThread "Attach Listener" daemon [_thread_blocked, id=11044, stack(0x000000000a3b0000,0x000000000a4b0000)]
  0x0000000008ec8000 JavaThread "Signal Dispatcher" daemon [_thread_blocked, id=10944, stack(0x000000000a210000,0x000000000a310000)]
  0x0000000008e54800 JavaThread "Finalizer" daemon [_thread_blocked, id=8888, stack(0x0000000009ea0000,0x0000000009fa0000)]
  0x0000000008e4d000 JavaThread "Reference Handler" daemon [_thread_blocked, id=9908, stack(0x0000000009fd0000,0x000000000a0d0000)]
  0x0000000002ace000 JavaThread "main" [_thread_blocked, id=14828, stack(0x0000000002da0000,0x0000000002ea0000)]

Other Threads:
  0x0000000008e49800 VMThread [stack: 0x0000000009ce0000,0x0000000009de0000] [id=10888]
  0x000000000a6f2800 WatcherThread [stack: 0x000000000a4b0000,0x000000000a5b0000] [id=14564]

VM state:not at safepoint (normal execution)

VM Mutex/Monitor currently owned by a thread: None

Heap
 PSYoungGen      total 36864K, used 32002K [0x00000000eaa80000, 0x00000000ef280000, 0x0000000100000000)
  eden space 31744K, 84% used [0x00000000eaa80000,0x00000000ec4c45f0,0x00000000ec980000)
  from space 5120K, 99% used [0x00000000ec980000,0x00000000ece7c2d8,0x00000000ece80000)
  to   space 5120K, 0% used [0x00000000eed80000,0x00000000eed80000,0x00000000ef280000)
 ParOldGen       total 83968K, used 655K [0x00000000c0000000, 0x00000000c5200000, 0x00000000eaa80000)
  object space 83968K, 0% used [0x00000000c0000000,0x00000000c00a3d80,0x00000000c5200000)
 PSPermGen       total 21504K, used 5950K [0x00000000bae00000, 0x00000000bc300000, 0x00000000c0000000)
  object space 21504K, 27% used [0x00000000bae00000,0x00000000bb3cfa80,0x00000000bc300000)

Card table byte_map: [0x0000000005ea0000,0x00000000060d0000] byte_map_base: 0x00000000058c9000

Polling page: 0x00000000022e0000

Code Cache  [0x0000000002ea0000, 0x0000000003110000, 0x0000000005ea0000)
 total_blobs=590 nmethods=351 adapters=191 free_code_cache=47825Kb largest_free_block=48936128

Compilation events (10 events):
Event: 2.844 Thread 0x000000000a6e9000 nmethod 348 0x0000000002fe9f50 code [0x0000000002fea0a0, 0x0000000002fea258]
Event: 2.844 Thread 0x000000000a6e9000  349             com.android.dx.rop.code.DexTranslationAdvice::requiresSourcesInOrder (30 bytes)
Event: 2.847 Thread 0x000000000a6e9000 nmethod 349 0x0000000002fe7f10 code [0x0000000002fe8060, 0x0000000002fe8298]
Event: 2.847 Thread 0x000000000a6e9000  350             com.android.dx.ssa.SsaRenamer$BlockRenamer::access$200 (5 bytes)
Event: 2.848 Thread 0x000000000a6e9000 nmethod 350 0x0000000002fe7d10 code [0x0000000002fe7e40, 0x0000000002fe7e98]
Event: 2.848 Thread 0x000000000a6e9000  351             com.android.dx.ssa.DeadCodeRemover::run (194 bytes)
Event: 2.882 Thread 0x0000000008eb4000 nmethod 340 0x0000000002ff1b10 code [0x0000000002ff1de0, 0x0000000002ff2f28]
Event: 2.882 Thread 0x0000000008eb4000  352             com.android.dx.rop.code.LocalVariableInfo::getAssignment (12 bytes)
Event: 2.885 Thread 0x0000000008eb4000 nmethod 352 0x0000000002fd8390 code [0x0000000002fd8500, 0x0000000002fd8718]
Event: 2.885 Thread 0x0000000008eb4000  353             com.android.dx.ssa.LocalVariableExtractor::processBlock (383 bytes)

GC Heap History (2 events):
Event: 1.740 GC heap before
{Heap before GC invocations=1 (full 0):
 PSYoungGen      total 36864K, used 31744K [0x00000000eaa80000, 0x00000000ed380000, 0x0000000100000000)
  eden space 31744K, 100% used [0x00000000eaa80000,0x00000000ec980000,0x00000000ec980000)
  from space 5120K, 0% used [0x00000000ece80000,0x00000000ece80000,0x00000000ed380000)
  to   space 5120K, 0% used [0x00000000ec980000,0x00000000ec980000,0x00000000ece80000)
 ParOldGen       total 83968K, used 0K [0x00000000c0000000, 0x00000000c5200000, 0x00000000eaa80000)
  object space 83968K, 0% used [0x00000000c0000000,0x00000000c0000000,0x00000000c5200000)
 PSPermGen       total 21504K, used 5866K [0x00000000bae00000, 0x00000000bc300000, 0x00000000c0000000)
  object space 21504K, 27% used [0x00000000bae00000,0x00000000bb3ba808,0x00000000bc300000)
Event: 1.834 GC heap after
Heap after GC invocations=1 (full 0):
 PSYoungGen      total 36864K, used 5104K [0x00000000eaa80000, 0x00000000ef280000, 0x0000000100000000)
  eden space 31744K, 0% used [0x00000000eaa80000,0x00000000eaa80000,0x00000000ec980000)
  from space 5120K, 99% used [0x00000000ec980000,0x00000000ece7c2d8,0x00000000ece80000)
  to   space 5120K, 0% used [0x00000000eed80000,0x00000000eed80000,0x00000000ef280000)
 ParOldGen       total 83968K, used 655K [0x00000000c0000000, 0x00000000c5200000, 0x00000000eaa80000)
  object space 83968K, 0% used [0x00000000c0000000,0x00000000c00a3d80,0x00000000c5200000)
 PSPermGen       total 21504K, used 5866K [0x00000000bae00000, 0x00000000bc300000, 0x00000000c0000000)
  object space 21504K, 27% used [0x00000000bae00000,0x00000000bb3ba808,0x00000000bc300000)
}

Deoptimization events (8 events):
Event: 1.009 Thread 0x000000000a8c2800 Uncommon trap: reason=null_check action=make_not_entrant pc=0x0000000002f21c0c method=com.android.dx.rop.code.LocalItem.equals(Ljava/lang/Object;)Z @ 1
Event: 2.143 Thread 0x000000000a8c2800 Uncommon trap: reason=null_check action=make_not_entrant pc=0x0000000002f67c84 method=com.android.dx.ssa.SsaRenamer.getLocalForNewReg(I)Lcom/android/dx/rop/code/LocalItem; @ 19
Event: 2.433 Thread 0x000000000a8c2800 Uncommon trap: reason=unreached action=reinterpret pc=0x0000000002f22a04 method=com.android.dx.rop.cst.Constant.compareTo(Lcom/android/dx/rop/cst/Constant;)I @ 12
Event: 2.438 Thread 0x000000000a8c2800 Uncommon trap: reason=unreached action=reinterpret pc=0x0000000002f945b8 method=com.android.dx.util.LabeledList.set(ILcom/android/dx/util/LabeledItem;)V @ 16
Event: 2.478 Thread 0x000000000a8c2800 Uncommon trap: reason=unreached action=reinterpret pc=0x0000000002f5f500 method=com.android.dx.ssa.LocalVariableExtractor.processBlock(I)V @ 251
Event: 2.511 Thread 0x000000000a8c2800 Uncommon trap: reason=unreached action=reinterpret pc=0x0000000002fb875c method=com.android.dx.cf.code.Ropper.processBlock(Lcom/android/dx/cf/code/ByteBlock;Lcom/android/dx/cf/code/Frame;[I)V @ 963
Event: 2.516 Thread 0x000000000a8c2800 Uncommon trap: reason=unreached action=reinterpret pc=0x0000000002f80ef4 method=com.android.dx.rop.code.LocalVariableExtractor.processBlock(I)V @ 195
Event: 2.918 Thread 0x000000000a9b7000 Uncommon trap: reason=bimorphic action=maybe_recompile pc=0x0000000002febeec method=com.android.dx.ssa.LiteralOpUpgrader.tryReplacingWithConstant(Lcom/android/dx/ssa/NormalSsaInsn;)Z @ 52

Internal exceptions (10 events):
Event: 0.832 Thread 0x000000000a973800 Threw 0x00000000eba825b0 at C:\re\jdk7u79\2331\hotspot\src\share\vm\prims\jvm.cpp:1304
Event: 0.859 Thread 0x000000000a8c2800 Threw 0x00000000eb91d088 at C:\re\jdk7u79\2331\hotspot\src\share\vm\prims\jvm.cpp:1304
Event: 0.893 Thread 0x000000000a9b7000 Threw 0x00000000eb4feef8 at C:\re\jdk7u79\2331\hotspot\src\share\vm\prims\jvm.cpp:1304
Event: 0.896 Thread 0x000000000a8c2800 Threw 0x00000000ebae9c48 at C:\re\jdk7u79\2331\hotspot\src\share\vm\prims\jvm.cpp:1304
Event: 0.963 Thread 0x000000000a8c2800 Threw 0x00000000ebb3c740 at C:\re\jdk7u79\2331\hotspot\src\share\vm\prims\jvm.cpp:1304
Event: 1.009 Thread 0x000000000a8c2800 Implicit null exception at 0x0000000002f21898 to 0x0000000002f21bf9
Event: 1.186 Thread 0x000000000a8c2800 Threw 0x00000000ec0617c8 at C:\re\jdk7u79\2331\hotspot\src\share\vm\prims\jvm.cpp:1304
Event: 1.338 Thread 0x000000000a9b7000 Threw 0x00000000ec3ef0c0 at C:\re\jdk7u79\2331\hotspot\src\share\vm\prims\jvm.cpp:1304
Event: 2.143 Thread 0x000000000a8c2800 Implicit null exception at 0x0000000002f66b94 to 0x0000000002f67c59
Event: 2.892 Thread 0x0000000002ace000 Threw 0x00000000ec357d30 at C:\re\jdk7u79\2331\hotspot\src\share\vm\prims\jvm.cpp:1304

Events (10 events):
Event: 2.511 Thread 0x000000000a8c2800 DEOPT PACKING pc=0x0000000002fb875c sp=0x000000000bafe900
Event: 2.511 Thread 0x000000000a8c2800 DEOPT UNPACKING pc=0x0000000002ed75a4 sp=0x000000000bafe878 mode 2
Event: 2.516 Thread 0x000000000a8c2800 Uncommon trap: trap_request=0xffffffad fr.pc=0x0000000002f80ef4
Event: 2.516 Thread 0x000000000a8c2800 DEOPT PACKING pc=0x0000000002f80ef4 sp=0x000000000bafe950
Event: 2.516 Thread 0x000000000a8c2800 DEOPT UNPACKING pc=0x0000000002ed75a4 sp=0x000000000bafe8f0 mode 2
Event: 2.892 loading class 0x000000000a78e7f0
Event: 2.892 loading class 0x000000000a78e7f0 done
Event: 2.918 Thread 0x000000000a9b7000 Uncommon trap: trap_request=0xffffffc6 fr.pc=0x0000000002febeec
Event: 2.918 Thread 0x000000000a9b7000 DEOPT PACKING pc=0x0000000002febeec sp=0x000000000b53ed00
Event: 2.918 Thread 0x000000000a9b7000 DEOPT UNPACKING pc=0x0000000002ed75a4 sp=0x000000000b53ebc8 mode 2


Dynamic libraries:
0x000000013f120000 - 0x000000013f153000 	C:\Program Files\Java\jdk1.7.0_79\bin\java.exe
0x0000000076f10000 - 0x00000000770ba000 	C:\Windows\SYSTEM32\ntdll.dll
0x0000000076df0000 - 0x0000000076f0f000 	C:\Windows\system32\kernel32.dll
0x000007fefcf70000 - 0x000007fefcfdb000 	C:\Windows\system32\KERNELBASE.dll
0x000007fefdc80000 - 0x000007fefdd5b000 	C:\Windows\system32\ADVAPI32.dll
0x000007fefd0b0000 - 0x000007fefd14f000 	C:\Windows\system32\msvcrt.dll
0x000007fefde30000 - 0x000007fefde4f000 	C:\Windows\SYSTEM32\sechost.dll
0x000007fefdf70000 - 0x000007fefe09d000 	C:\Windows\system32\RPCRT4.dll
0x0000000076cf0000 - 0x0000000076dea000 	C:\Windows\system32\USER32.dll
0x000007fefde50000 - 0x000007fefdeb7000 	C:\Windows\system32\GDI32.dll
0x000007fefd180000 - 0x000007fefd18e000 	C:\Windows\system32\LPK.dll
0x000007fefdd60000 - 0x000007fefde2a000 	C:\Windows\system32\USP10.dll
0x000007fefae90000 - 0x000007fefb084000 	C:\Windows\WinSxS\amd64_microsoft.windows.common-controls_6595b64144ccf1df_6.0.7601.18837_none_fa3b1e3d17594757\COMCTL32.dll
0x000007fefda20000 - 0x000007fefda91000 	C:\Windows\system32\SHLWAPI.dll
0x000007fefdec0000 - 0x000007fefdeee000 	C:\Windows\system32\IMM32.DLL
0x000007fefd5a0000 - 0x000007fefd6a9000 	C:\Windows\system32\MSCTF.dll
0x000007fefcbc0000 - 0x000007fefcc00000 	C:\Windows\system32\nvinitx.dll
0x000000000f000000 - 0x000000000f006000 	C:\Program Files\NVIDIA Corporation\CoProcManager\_etoured.dll
0x000007fef92b0000 - 0x000007fef9306000 	C:\Program Files\NVIDIA Corporation\CoProcManager\nvd3d9wrapx.dll
0x000007fefdaa0000 - 0x000007fefdc77000 	C:\Windows\system32\SETUPAPI.dll
0x000007fefccb0000 - 0x000007fefcce6000 	C:\Windows\system32\CFGMGR32.dll
0x000007fefd4c0000 - 0x000007fefd597000 	C:\Windows\system32\OLEAUT32.dll
0x000007feff010000 - 0x000007feff213000 	C:\Windows\system32\ole32.dll
0x000007fefcf30000 - 0x000007fefcf4a000 	C:\Windows\system32\DEVOBJ.dll
0x000007fef91d0000 - 0x000007fef920d000 	C:\Program Files\NVIDIA Corporation\CoProcManager\nvdxgiwrapx.dll
0x000007feeb4a0000 - 0x000007feeb546000 	C:\Program Files\McAfee\Host Intrusion Prevention\HcApi.dll
0x000000006ddf0000 - 0x000000006ddfb000 	C:\Program Files\McAfee\Host Intrusion Prevention\HcThe.dll
0x0000000078ea0000 - 0x0000000078f72000 	C:\Program Files\Java\jdk1.7.0_79\jre\bin\msvcr100.dll
0x000000006e070000 - 0x000000006e845000 	C:\Program Files\Java\jdk1.7.0_79\jre\bin\server\jvm.dll
0x000007fef4d80000 - 0x000007fef4d89000 	C:\Windows\system32\WSOCK32.dll
0x000007fefe0a0000 - 0x000007fefe0ed000 	C:\Windows\system32\WS2_32.dll
0x000007fefd150000 - 0x000007fefd158000 	C:\Windows\system32\NSI.dll
0x000007fefa870000 - 0x000007fefa8ab000 	C:\Windows\system32\WINMM.dll
0x00000000770d0000 - 0x00000000770d7000 	C:\Windows\system32\PSAPI.DLL
0x0000000074450000 - 0x000000007445f000 	C:\Program Files\Java\jdk1.7.0_79\jre\bin\verify.dll
0x0000000074410000 - 0x0000000074438000 	C:\Program Files\Java\jdk1.7.0_79\jre\bin\java.dll
0x0000000065be0000 - 0x0000000065bf5000 	C:\Program Files\Java\jdk1.7.0_79\jre\bin\zip.dll
0x000000005cee0000 - 0x000000005cefa000 	C:\Program Files\Java\jdk1.7.0_79\jre\bin\net.dll
0x000007fefc410000 - 0x000007fefc465000 	C:\Windows\system32\mswsock.dll
0x000007fefc400000 - 0x000007fefc407000 	C:\Windows\System32\wship6.dll
0x000000005c200000 - 0x000000005c211000 	C:\Program Files\Java\jdk1.7.0_79\jre\bin\nio.dll

VM Arguments:
jvm_args: -Djava.awt.headless=true -Xmx1024M -Dfile.encoding=GBK -Duser.country=US -Duser.language=en -Duser.variant 
java_command: com.android.dx.command.Main --dex --num-threads=4 --output C:\Users\tliu3\Documents\GitHub\git_trunk\FatBaby1\app\build\intermediates\pre-dexed\debug\com.android.support-appcompat-v7-23.1.1_6550d32e5cb5925b94cf49bae9487e9127a676d5.jar C:\Users\tliu3\Documents\GitHub\git_trunk\FatBaby1\app\build\intermediates\exploded-aar\com.android.support\appcompat-v7\23.1.1\jars\classes.jar
Launcher Type: SUN_STANDARD

Environment Variables:
PATH=C:\Windows\system32;C:\Windows;C:\Windows\System32\Wbem;C:\Windows\System32\WindowsPowerShell\v1.0\;C:\Program Files\TortoiseSVN\bin;C:\Program Files (x86)\IDM Computer Solutions\UltraEdit\;C:\Program Files\Oracle\VirtualBox;C:\Program Files\Microsoft Network Monitor 3\;C:\Program Files (x86)\Sennheiser\SoftphoneSDK\;C:\Program Files (x86)\IDM Computer Solutions\UltraEdit\
USERNAME=tliu3
OS=Windows_NT
PROCESSOR_IDENTIFIER=Intel64 Family 6 Model 58 Stepping 9, GenuineIntel



---------------  S Y S T E M  ---------------

OS: Windows 7 , 64 bit Build 7601 Service Pack 1

CPU:total 4 (2 cores per cpu, 2 threads per core) family 6 model 58 stepping 9, cmov, cx8, fxsr, mmx, sse, sse2, sse3, ssse3, sse4.1, sse4.2, popcnt, avx, aes, erms, ht, tsc, tscinvbit, tscinv

Memory: 4k page, physical 8059988k(804088k free), swap 11336172k(5216k free)

vm_info: Java HotSpot(TM) 64-Bit Server VM (24.79-b02) for windows-amd64 JRE (1.7.0_79-b15), built on Apr 10 2015 12:36:16 by "java_re" with unknown MS VC++:1600

time: Wed Mar 09 14:20:19 2016
elapsed time: 2 seconds

